*** Element info: {Using=id, value=maintable}
